<?xml version="1.0" encoding="UTF-8"?>
<coverage generated="1781962993225" clover="3.2.0">
  <project timestamp="1781962993225" name="All files">
    <metrics statements="4611" coveredstatements="2663" conditionals="3694" coveredconditionals="1683" methods="1319" coveredmethods="760" elements="9624" coveredelements="5106" complexity="0" loc="4611" ncloc="4611" packages="22" files="100" classes="100"/>
    <package name="api">
      <metrics statements="81" coveredstatements="49" conditionals="2" coveredconditionals="2" methods="78" coveredmethods="46"/>
      <file name="tauri-client.ts" path="/home/bernat/Documents/Code/honeybear/HoneyBear-Folio/app/src/api/tauri-client.ts">
        <metrics statements="81" coveredstatements="49" conditionals="2" coveredconditionals="2" methods="78" coveredmethods="46"/>
        <line num="32" count="309" type="cond" truecount="2" falsecount="0"/>
        <line num="33" count="196" type="stmt"/>
        <line num="35" count="113" type="stmt"/>
        <line num="38" count="20" type="stmt"/>
        <line num="46" count="0" type="stmt"/>
        <line num="51" count="0" type="stmt"/>
        <line num="55" count="4" type="stmt"/>
        <line num="62" count="2" type="stmt"/>
        <line num="66" count="13" type="stmt"/>
        <line num="70" count="2" type="stmt"/>
        <line num="75" count="2" type="stmt"/>
        <line num="78" count="1" type="stmt"/>
        <line num="85" count="0" type="stmt"/>
        <line num="88" count="0" type="stmt"/>
        <line num="91" count="0" type="stmt"/>
        <line num="94" count="0" type="stmt"/>
        <line num="97" count="0" type="stmt"/>
        <line num="106" count="1" type="stmt"/>
        <line num="110" count="1" type="stmt"/>
        <line num="118" count="3" type="stmt"/>
        <line num="123" count="2" type="stmt"/>
        <line num="139" count="1" type="stmt"/>
        <line num="142" count="31" type="stmt"/>
        <line num="147" count="0" type="stmt"/>
        <line num="153" count="1" type="stmt"/>
        <line num="156" count="0" type="stmt"/>
        <line num="163" count="0" type="stmt"/>
        <line num="166" count="0" type="stmt"/>
        <line num="169" count="0" type="stmt"/>
        <line num="172" count="0" type="stmt"/>
        <line num="175" count="0" type="stmt"/>
        <line num="178" count="0" type="stmt"/>
        <line num="186" count="2" type="stmt"/>
        <line num="190" count="0" type="stmt"/>
        <line num="194" count="4" type="stmt"/>
        <line num="197" count="40" type="stmt"/>
        <line num="201" count="0" type="stmt"/>
        <line num="205" count="0" type="stmt"/>
        <line num="208" count="0" type="stmt"/>
        <line num="215" count="5" type="stmt"/>
        <line num="217" count="25" type="stmt"/>
        <line num="220" count="1" type="stmt"/>
        <line num="223" count="2" type="stmt"/>
        <line num="226" count="1" type="stmt"/>
        <line num="234" count="2" type="stmt"/>
        <line num="237" count="9" type="stmt"/>
        <line num="241" count="0" type="stmt"/>
        <line num="244" count="1" type="stmt"/>
        <line num="251" count="7" type="stmt"/>
        <line num="254" count="0" type="stmt"/>
        <line num="257" count="0" type="stmt"/>
        <line num="260" count="1" type="stmt"/>
        <line num="266" count="5" type="stmt"/>
        <line num="268" count="4" type="stmt"/>
        <line num="270" count="0" type="stmt"/>
        <line num="276" count="9" type="stmt"/>
        <line num="279" count="0" type="stmt"/>
        <line num="281" count="1" type="stmt"/>
        <line num="288" count="0" type="stmt"/>
        <line num="293" count="1" type="stmt"/>
        <line num="303" count="1" type="stmt"/>
        <line num="306" count="0" type="stmt"/>
        <line num="308" count="26" type="stmt"/>
        <line num="313" count="2" type="stmt"/>
        <line num="316" count="14" type="stmt"/>
        <line num="319" count="12" type="stmt"/>
        <line num="322" count="11" type="stmt"/>
        <line num="326" count="1" type="stmt"/>
        <line num="329" count="2" type="stmt"/>
        <line num="332" count="1" type="stmt"/>
        <line num="337" count="0" type="stmt"/>
        <line num="340" count="0" type="stmt"/>
        <line num="351" count="3" type="stmt"/>
        <line num="355" count="20" type="stmt"/>
        <line num="363" count="0" type="stmt"/>
        <line num="366" count="1" type="stmt"/>
        <line num="372" count="3" type="stmt"/>
        <line num="375" count="28" type="stmt"/>
        <line num="381" count="0" type="stmt"/>
        <line num="384" count="0" type="stmt"/>
        <line num="388" count="0" type="stmt"/>
      </file>
    </package>
    <package name="components.layout">
      <metrics statements="120" coveredstatements="47" conditionals="165" coveredconditionals="66" methods="46" coveredmethods="14"/>
      <file name="ErrorBoundary.tsx" path="/home/bernat/Documents/Code/honeybear/HoneyBear-Folio/app/src/components/layout/ErrorBoundary.tsx">
        <metrics statements="12" coveredstatements="12" conditionals="16" coveredconditionals="12" methods="6" coveredmethods="6"/>
        <line num="19" count="25" type="stmt"/>
        <line num="20" count="25" type="stmt"/>
        <line num="24" count="14" type="stmt"/>
        <line num="29" count="7" type="stmt"/>
        <line num="33" count="7" type="cond" truecount="1" falsecount="1"/>
        <line num="37" count="46" type="cond" truecount="2" falsecount="0"/>
        <line num="38" count="21" type="stmt"/>
        <line num="64" count="1" type="stmt"/>
        <line num="66" count="1" type="cond" truecount="2" falsecount="2"/>
        <line num="69" count="1" type="cond" truecount="2" falsecount="0"/>
        <line num="79" count="1" type="stmt"/>
        <line num="88" count="25" type="stmt"/>
      </file>
      <file name="Sidebar.tsx" path="/home/bernat/Documents/Code/honeybear/HoneyBear-Folio/app/src/components/layout/Sidebar.tsx">
        <metrics statements="108" coveredstatements="35" conditionals="149" coveredconditionals="54" methods="40" coveredmethods="8"/>
        <line num="101" count="6" type="stmt"/>
        <line num="102" count="6" type="stmt"/>
        <line num="103" count="6" type="stmt"/>
        <line num="104" count="6" type="stmt"/>
        <line num="107" count="6" type="stmt"/>
        <line num="112" count="6" type="stmt"/>
        <line num="113" count="6" type="stmt"/>
        <line num="116" count="6" type="stmt"/>
        <line num="118" count="6" type="stmt"/>
        <line num="119" count="6" type="stmt"/>
        <line num="120" count="6" type="stmt"/>
        <line num="121" count="6" type="stmt"/>
        <line num="122" count="6" type="cond" truecount="1" falsecount="1"/>
        <line num="126" count="0" type="stmt"/>
        <line num="129" count="6" type="stmt"/>
        <line num="131" count="6" type="stmt"/>
        <line num="133" count="0" type="cond" truecount="0" falsecount="2"/>
        <line num="137" count="0" type="stmt"/>
        <line num="140" count="6" type="stmt"/>
        <line num="141" count="6" type="stmt"/>
        <line num="142" count="6" type="stmt"/>
        <line num="146" count="6" type="stmt"/>
        <line num="147" count="6" type="stmt"/>
        <line num="148" count="6" type="stmt"/>
        <line num="149" count="6" type="cond" truecount="1" falsecount="1"/>
        <line num="151" count="0" type="stmt"/>
        <line num="155" count="6" type="stmt"/>
        <line num="156" count="6" type="stmt"/>
        <line num="158" count="6" type="cond" truecount="1" falsecount="1"/>
        <line num="159" count="0" type="stmt"/>
        <line num="160" count="0" type="stmt"/>
        <line num="161" count="0" type="stmt"/>
        <line num="163" count="0" type="cond" truecount="0" falsecount="4"/>
        <line num="164" count="0" type="cond" truecount="0" falsecount="4"/>
        <line num="165" count="0" type="cond" truecount="0" falsecount="4"/>
        <line num="166" count="0" type="stmt"/>
        <line num="168" count="0" type="stmt"/>
        <line num="171" count="6" type="stmt"/>
        <line num="172" count="0" type="stmt"/>
        <line num="173" count="0" type="stmt"/>
        <line num="175" count="0" type="cond" truecount="0" falsecount="2"/>
        <line num="176" count="0" type="stmt"/>
        <line num="177" count="0" type="stmt"/>
        <line num="178" count="0" type="cond" truecount="0" falsecount="2"/>
        <line num="179" count="0" type="stmt"/>
        <line num="180" count="0" type="stmt"/>
        <line num="181" count="0" type="cond" truecount="0" falsecount="2"/>
        <line num="182" count="0" type="stmt"/>
        <line num="183" count="0" type="cond" truecount="0" falsecount="2"/>
        <line num="184" count="0" type="stmt"/>
        <line num="186" count="0" type="stmt"/>
        <line num="187" count="0" type="cond" truecount="0" falsecount="2"/>
        <line num="188" count="0" type="stmt"/>
        <line num="191" count="0" type="cond" truecount="0" falsecount="4"/>
        <line num="192" count="0" type="cond" truecount="0" falsecount="4"/>
        <line num="193" count="0" type="stmt"/>
        <line num="195" count="6" type="stmt"/>
        <line num="198" count="6" type="stmt"/>
        <line num="199" count="0" type="stmt"/>
        <line num="200" count="0" type="stmt"/>
        <line num="201" count="0" type="stmt"/>
        <line num="202" count="0" type="stmt"/>
        <line num="205" count="6" type="stmt"/>
        <line num="206" count="0" type="stmt"/>
        <line num="207" count="0" type="stmt"/>
        <line num="208" count="0" type="stmt"/>
        <line num="211" count="6" type="stmt"/>
        <line num="212" count="1" type="stmt"/>
        <line num="215" count="6" type="stmt"/>
        <line num="216" count="6" type="stmt"/>
        <line num="219" count="0" type="stmt"/>
        <line num="220" count="0" type="stmt"/>
        <line num="221" count="0" type="cond" truecount="0" falsecount="2"/>
        <line num="223" count="0" type="stmt"/>
        <line num="224" count="0" type="stmt"/>
        <line num="229" count="0" type="stmt"/>
        <line num="230" count="0" type="stmt"/>
        <line num="239" count="0" type="cond" truecount="0" falsecount="2"/>
        <line num="240" count="0" type="stmt"/>
        <line num="241" count="0" type="stmt"/>
        <line num="242" count="0" type="cond" truecount="0" falsecount="2"/>
        <line num="244" count="0" type="stmt"/>
        <line num="245" count="0" type="stmt"/>
        <line num="249" count="6" type="stmt"/>
        <line num="330" count="0" type="stmt"/>
        <line num="339" count="0" type="stmt"/>
        <line num="353" count="0" type="stmt"/>
        <line num="369" count="0" type="stmt"/>
        <line num="382" count="0" type="stmt"/>
        <line num="404" count="1" type="stmt"/>
        <line num="420" count="0" type="stmt"/>
        <line num="436" count="0" type="stmt"/>
        <line num="452" count="0" type="stmt"/>
        <line num="470" count="0" type="stmt"/>
        <line num="486" count="0" type="stmt"/>
        <line num="502" count="0" type="stmt"/>
        <line num="518" count="0" type="stmt"/>
        <line num="545" count="0" type="stmt"/>
        <line num="597" count="0" type="stmt"/>
        <line num="599" count="0" type="stmt"/>
        <line num="619" count="0" type="stmt"/>
        <line num="659" count="0" type="stmt"/>
        <line num="666" count="0" type="stmt"/>
        <line num="674" count="0" type="cond" truecount="0" falsecount="2"/>
        <line num="686" count="0" type="stmt"/>
        <line num="688" count="0" type="stmt"/>
        <line num="694" count="0" type="stmt"/>
        <line num="699" count="0" type="stmt"/>
      </file>
    </package>
    <package name="components.shared">
      <metrics statements="772" coveredstatements="439" conditionals="594" coveredconditionals="273" methods="157" coveredmethods="81"/>
      <file name="ChartNumberFormatSync.tsx" path="/home/bernat/Documents/Code/honeybear/HoneyBear-Folio/app/src/components/shared/ChartNumberFormatSync.tsx">
        <metrics statements="13" coveredstatements="13" conditionals="22" coveredconditionals="13" methods="4" coveredmethods="4"/>
        <line num="6" count="8" type="stmt"/>
        <line num="8" count="8" type="stmt"/>
        <line num="10" count="8" type="stmt"/>
        <line num="11" count="3" type="cond" truecount="1" falsecount="1"/>
        <line num="14" count="3" type="cond" truecount="3" falsecount="2"/>
        <line num="21" count="3" type="cond" truecount="4" falsecount="0"/>
        <line num="24" count="2" type="stmt"/>
        <line num="33" count="8" type="cond" truecount="3" falsecount="1"/>
        <line num="34" count="8" type="stmt"/>
        <line num="36" count="2" type="stmt"/>
        <line num="37" count="2" type="cond" truecount="2" falsecount="0"/>
        <line num="38" count="1" type="stmt"/>
        <line num="45" count="8" type="stmt"/>
      </file>
      <file name="ColumnMappingStep.tsx" path="/home/bernat/Documents/Code/honeybear/HoneyBear-Folio/app/src/components/shared/ColumnMappingStep.tsx">
        <metrics statements="10" coveredstatements="7" conditionals="20" coveredconditionals="9" methods="9" coveredmethods="6"/>
        <line num="33" count="6" type="stmt"/>
        <line num="35" count="6" type="stmt"/>
        <line num="45" count="0" type="stmt"/>
        <line num="67" count="66" type="stmt"/>
        <line num="74" count="0" type="stmt"/>
        <line num="77" count="264" type="stmt"/>
        <line num="108" count="24" type="stmt"/>
        <line num="119" count="6" type="stmt"/>
        <line num="124" count="24" type="stmt"/>
        <line num="186" count="0" type="stmt"/>
      </file>
      <file name="CustomRateDialog.tsx" path="/home/bernat/Documents/Code/honeybear/HoneyBear-Folio/app/src/components/shared/CustomRateDialog.tsx">
        <metrics statements="17" coveredstatements="15" conditionals="8" coveredconditionals="8" methods="6" coveredmethods="5"/>
        <line num="19" count="26" type="stmt"/>
        <line num="20" count="26" type="stmt"/>
        <line num="21" count="26" type="stmt"/>
        <line num="23" count="26" type="stmt"/>
        <line num="24" count="20" type="cond" truecount="2" falsecount="0"/>
        <line num="25" count="11" type="stmt"/>
        <line num="26" count="0" type="stmt"/>
        <line num="27" count="0" type="stmt"/>
        <line num="29" count="11" type="stmt"/>
        <line num="33" count="26" type="cond" truecount="2" falsecount="0"/>
        <line num="35" count="16" type="stmt"/>
        <line num="36" count="4" type="stmt"/>
        <line num="37" count="4" type="stmt"/>
        <line num="38" count="4" type="cond" truecount="4" falsecount="0"/>
        <line num="39" count="2" type="stmt"/>
        <line num="42" count="16" type="stmt"/>
        <line num="61" count="5" type="stmt"/>
      </file>
      <file name="DevTools.tsx" path="/home/bernat/Documents/Code/honeybear/HoneyBear-Folio/app/src/components/shared/DevTools.tsx">
        <metrics statements="7" coveredstatements="7" conditionals="4" coveredconditionals="4" methods="2" coveredmethods="2"/>
        <line num="6" count="5" type="stmt"/>
        <line num="8" count="5" type="stmt"/>
        <line num="9" count="5" type="cond" truecount="2" falsecount="0"/>
        <line num="10" count="2" type="stmt"/>
        <line num="12" count="5" type="cond" truecount="2" falsecount="0"/>
        <line num="13" count="2" type="stmt"/>
        <line num="17" count="5" type="stmt"/>
      </file>
      <file name="ExchangeRatesList.tsx" path="/home/bernat/Documents/Code/honeybear/HoneyBear-Folio/app/src/components/shared/ExchangeRatesList.tsx">
        <metrics statements="64" coveredstatements="54" conditionals="30" coveredconditionals="18" methods="16" coveredmethods="13"/>
        <line num="27" count="18" type="stmt"/>
        <line num="28" count="18" type="stmt"/>
        <line num="29" count="18" type="stmt"/>
        <line num="30" count="18" type="stmt"/>
        <line num="31" count="18" type="stmt"/>
        <line num="32" count="18" type="stmt"/>
        <line num="33" count="18" type="stmt"/>
        <line num="35" count="18" type="stmt"/>
        <line num="36" count="11" type="stmt"/>
        <line num="37" count="11" type="stmt"/>
        <line num="38" count="11" type="cond" truecount="2" falsecount="0"/>
        <line num="39" count="11" type="stmt"/>
        <line num="43" count="11" type="stmt"/>
        <line num="44" count="1" type="cond" truecount="1" falsecount="3"/>
        <line num="45" count="1" type="stmt"/>
        <line num="47" count="11" type="stmt"/>
        <line num="49" count="5" type="stmt"/>
        <line num="50" count="5" type="stmt"/>
        <line num="52" count="11" type="stmt"/>
        <line num="56" count="18" type="stmt"/>
        <line num="57" count="9" type="stmt"/>
        <line num="60" count="18" type="stmt"/>
        <line num="61" count="1" type="stmt"/>
        <line num="62" count="1" type="cond" truecount="1" falsecount="1"/>
        <line num="65" count="18" type="stmt"/>
        <line num="66" count="0" type="stmt"/>
        <line num="67" count="0" type="stmt"/>
        <line num="70" count="18" type="stmt"/>
        <line num="71" count="1" type="stmt"/>
        <line num="72" count="1" type="cond" truecount="3" falsecount="1"/>
        <line num="74" count="1" type="stmt"/>
        <line num="75" count="1" type="stmt"/>
        <line num="76" count="1" type="stmt"/>
        <line num="77" count="1" type="stmt"/>
        <line num="78" count="1" type="stmt"/>
        <line num="79" count="1" type="stmt"/>
        <line num="81" count="0" type="stmt"/>
        <line num="82" count="0" type="stmt"/>
        <line num="86" count="18" type="stmt"/>
        <line num="87" count="1" type="stmt"/>
        <line num="91" count="1" type="cond" truecount="1" falsecount="1"/>
        <line num="93" count="1" type="stmt"/>
        <line num="94" count="1" type="stmt"/>
        <line num="95" count="1" type="stmt"/>
        <line num="96" count="1" type="stmt"/>
        <line num="98" count="0" type="stmt"/>
        <line num="99" count="0" type="stmt"/>
        <line num="103" count="18" type="stmt"/>
        <line num="107" count="1" type="cond" truecount="1" falsecount="1"/>
        <line num="108" count="1" type="stmt"/>
        <line num="109" count="0" type="cond" truecount="0" falsecount="2"/>
        <line num="110" count="0" type="stmt"/>
        <line num="114" count="18" type="cond" truecount="2" falsecount="0"/>
        <line num="115" count="9" type="stmt"/>
        <line num="124" count="9" type="cond" truecount="2" falsecount="0"/>
        <line num="125" count="3" type="stmt"/>
        <line num="134" count="6" type="stmt"/>
        <line num="137" count="7" type="stmt"/>
        <line num="155" count="1" type="stmt"/>
        <line num="156" count="1" type="stmt"/>
        <line num="163" count="0" type="stmt"/>
        <line num="184" count="1" type="stmt"/>
        <line num="193" count="1" type="stmt"/>
        <line num="209" count="0" type="stmt"/>
      </file>
      <file name="ExportModal.tsx" path="/home/bernat/Documents/Code/honeybear/HoneyBear-Folio/app/src/components/shared/ExportModal.tsx">
        <metrics statements="187" coveredstatements="114" conditionals="131" coveredconditionals="64" methods="45" coveredmethods="23"/>
        <line num="73" count="34" type="stmt"/>
        <line num="74" count="34" type="stmt"/>
        <line num="75" count="34" type="stmt"/>
        <line num="77" count="34" type="stmt"/>
        <line num="80" count="34" type="stmt"/>
        <line num="81" count="34" type="stmt"/>
        <line num="82" count="34" type="stmt"/>
        <line num="85" count="34" type="stmt"/>
        <line num="88" count="34" type="stmt"/>
        <line num="91" count="34" type="stmt"/>
        <line num="94" count="34" type="stmt"/>
        <line num="95" count="34" type="stmt"/>
        <line num="96" count="14" type="stmt"/>
        <line num="99" count="14" type="stmt"/>
        <line num="100" count="14" type="stmt"/>
        <line num="102" count="14" type="stmt"/>
        <line num="107" count="34" type="cond" truecount="2" falsecount="0"/>
        <line num="108" count="34" type="cond" truecount="2" falsecount="0"/>
        <line num="111" count="34" type="stmt"/>
        <line num="112" count="14" type="stmt"/>
        <line num="115" count="14" type="cond" truecount="1" falsecount="1"/>
        <line num="116" count="0" type="stmt"/>
        <line num="117" count="0" type="stmt"/>
        <line num="121" count="14" type="cond" truecount="1" falsecount="1"/>
        <line num="122" count="0" type="stmt"/>
        <line num="123" count="0" type="stmt"/>
        <line num="124" count="0" type="cond" truecount="0" falsecount="2"/>
        <line num="125" count="14" type="cond" truecount="1" falsecount="1"/>
        <line num="126" count="14" type="stmt"/>
        <line num="127" count="14" type="stmt"/>
        <line num="129" count="0" type="stmt"/>
        <line num="130" count="0" type="stmt"/>
        <line num="133" count="28" type="stmt"/>
        <line num="134" count="14" type="stmt"/>
        <line num="145" count="34" type="stmt"/>
        <line num="146" count="21" type="cond" truecount="2" falsecount="0"/>
        <line num="147" count="14" type="stmt"/>
        <line num="149" count="7" type="stmt"/>
        <line num="150" count="7" type="stmt"/>
        <line num="152" count="7" type="stmt"/>
        <line num="153" count="7" type="stmt"/>
        <line num="157" count="34" type="stmt"/>
        <line num="158" count="14" type="stmt"/>
        <line num="159" count="168" type="stmt"/>
        <line num="164" count="34" type="stmt"/>
        <line num="165" count="21" type="stmt"/>
        <line num="166" count="21" type="stmt"/>
        <line num="167" count="21" type="stmt"/>
        <line num="170" count="7" type="stmt"/>
        <line num="171" count="0" type="stmt"/>
        <line num="173" count="0" type="stmt"/>
        <line num="177" count="21" type="cond" truecount="1" falsecount="1"/>
        <line num="178" count="21" type="stmt"/>
        <line num="180" count="21" type="cond" truecount="1" falsecount="1"/>
        <line num="181" count="21" type="stmt"/>
        <line num="183" count="0" type="stmt"/>
        <line num="186" count="34" type="stmt"/>
        <line num="187" count="7" type="stmt"/>
        <line num="188" count="7" type="stmt"/>
        <line num="191" count="7" type="stmt"/>
        <line num="192" count="7" type="stmt"/>
        <line num="193" count="7" type="stmt"/>
        <line num="197" count="7" type="stmt"/>
        <line num="198" count="7" type="stmt"/>
        <line num="200" count="7" type="cond" truecount="2" falsecount="0"/>
        <line num="202" count="4" type="stmt"/>
        <line num="203" count="4" type="stmt"/>
        <line num="204" count="4" type="stmt"/>
        <line num="205" count="4" type="stmt"/>
        <line num="211" count="4" type="stmt"/>
        <line num="217" count="4" type="stmt"/>
        <line num="218" count="4" type="stmt"/>
        <line num="219" count="4" type="stmt"/>
        <line num="220" count="3" type="cond" truecount="1" falsecount="1"/>
        <line num="222" count="0" type="stmt"/>
        <line num="235" count="0" type="stmt"/>
        <line num="236" count="0" type="stmt"/>
        <line num="237" count="0" type="stmt"/>
        <line num="250" count="0" type="stmt"/>
        <line num="252" count="0" type="cond" truecount="0" falsecount="4"/>
        <line num="253" count="0" type="stmt"/>
        <line num="254" count="0" type="cond" truecount="0" falsecount="2"/>
        <line num="258" count="0" type="stmt"/>
        <line num="259" count="0" type="stmt"/>
        <line num="260" count="0" type="stmt"/>
        <line num="261" count="3" type="cond" truecount="2" falsecount="0"/>
        <line num="262" count="1" type="stmt"/>
        <line num="263" count="1" type="stmt"/>
        <line num="264" count="2" type="cond" truecount="1" falsecount="1"/>
        <line num="265" count="2" type="stmt"/>
        <line num="266" count="2" type="stmt"/>
        <line num="267" count="2" type="stmt"/>
        <line num="271" count="7" type="stmt"/>
        <line num="276" count="7" type="cond" truecount="2" falsecount="0"/>
        <line num="277" count="1" type="stmt"/>
        <line num="278" count="1" type="stmt"/>
        <line num="282" count="6" type="cond" truecount="2" falsecount="0"/>
        <line num="284" count="1" type="stmt"/>
        <line num="285" count="5" type="cond" truecount="5" falsecount="0"/>
        <line num="286" count="2" type="cond" truecount="1" falsecount="1"/>
        <line num="287" count="0" type="stmt"/>
        <line num="288" count="0" type="stmt"/>
        <line num="289" count="0" type="cond" truecount="0" falsecount="2"/>
        <line num="292" count="1" type="stmt"/>
        <line num="293" count="1" type="stmt"/>
        <line num="294" count="1" type="stmt"/>
        <line num="309" count="1" type="stmt"/>
        <line num="310" count="1" type="cond" truecount="1" falsecount="1"/>
        <line num="311" count="1" type="stmt"/>
        <line num="313" count="1" type="stmt"/>
        <line num="328" count="1" type="stmt"/>
        <line num="334" count="1" type="stmt"/>
        <line num="335" count="5" type="cond" truecount="2" falsecount="0"/>
        <line num="340" count="2" type="stmt"/>
        <line num="341" count="2" type="cond" truecount="2" falsecount="0"/>
        <line num="343" count="2" type="stmt"/>
        <line num="344" count="2" type="stmt"/>
        <line num="347" count="2" type="cond" truecount="1" falsecount="1"/>
        <line num="348" count="0" type="stmt"/>
        <line num="349" count="0" type="cond" truecount="0" falsecount="4"/>
        <line num="350" count="0" type="stmt"/>
        <line num="352" count="0" type="stmt"/>
        <line num="353" count="0" type="stmt"/>
        <line num="354" count="0" type="stmt"/>
        <line num="360" count="0" type="stmt"/>
        <line num="361" count="0" type="stmt"/>
        <line num="362" count="0" type="cond" truecount="0" falsecount="4"/>
        <line num="363" count="0" type="stmt"/>
        <line num="364" count="0" type="stmt"/>
        <line num="365" count="0" type="stmt"/>
        <line num="369" count="0" type="cond" truecount="0" falsecount="2"/>
        <line num="370" count="0" type="stmt"/>
        <line num="371" count="0" type="stmt"/>
        <line num="372" count="0" type="stmt"/>
        <line num="374" count="0" type="cond" truecount="0" falsecount="2"/>
        <line num="375" count="0" type="stmt"/>
        <line num="377" count="0" type="stmt"/>
        <line num="378" count="0" type="stmt"/>
        <line num="381" count="0" type="cond" truecount="0" falsecount="2"/>
        <line num="382" count="0" type="stmt"/>
        <line num="391" count="2" type="stmt"/>
        <line num="392" count="2" type="stmt"/>
        <line num="393" count="2" type="stmt"/>
        <line num="396" count="2" type="cond" truecount="1" falsecount="1"/>
        <line num="397" count="0" type="stmt"/>
        <line num="398" count="0" type="stmt"/>
        <line num="404" count="2" type="stmt"/>
        <line num="451" count="2" type="stmt"/>
        <line num="462" count="2" type="stmt"/>
        <line num="467" count="3" type="stmt"/>
        <line num="471" count="6" type="stmt"/>
        <line num="474" count="6" type="cond" truecount="1" falsecount="1"/>
        <line num="476" count="7" type="cond" truecount="1" falsecount="1"/>
        <line num="477" count="6" type="stmt"/>
        <line num="482" count="0" type="stmt"/>
        <line num="485" count="6" type="stmt"/>
        <line num="487" count="0" type="stmt"/>
        <line num="488" count="0" type="cond" truecount="0" falsecount="2"/>
        <line num="489" count="0" type="stmt"/>
        <line num="493" count="0" type="stmt"/>
        <line num="496" count="6" type="stmt"/>
        <line num="499" count="0" type="stmt"/>
        <line num="500" count="0" type="cond" truecount="0" falsecount="2"/>
        <line num="501" count="0" type="stmt"/>
        <line num="503" count="0" type="stmt"/>
        <line num="507" count="7" type="stmt"/>
        <line num="512" count="34" type="cond" truecount="1" falsecount="1"/>
        <line num="513" count="34" type="stmt"/>
        <line num="520" count="0" type="stmt"/>
        <line num="533" count="1" type="stmt"/>
        <line num="546" count="2" type="stmt"/>
        <line num="559" count="3" type="stmt"/>
        <line num="581" count="0" type="stmt"/>
        <line num="598" count="0" type="stmt"/>
        <line num="599" count="0" type="stmt"/>
        <line num="616" count="0" type="stmt"/>
        <line num="617" count="0" type="stmt"/>
        <line num="619" count="0" type="stmt"/>
        <line num="620" count="0" type="cond" truecount="0" falsecount="2"/>
        <line num="624" count="0" type="stmt"/>
        <line num="627" count="0" type="stmt"/>
        <line num="637" count="0" type="stmt"/>
        <line num="638" count="0" type="stmt"/>
        <line num="655" count="0" type="cond" truecount="0" falsecount="2"/>
        <line num="656" count="0" type="stmt"/>
        <line num="657" count="0" type="cond" truecount="0" falsecount="2"/>
        <line num="677" count="0" type="cond" truecount="0" falsecount="2"/>
      </file>
      <file name="FileDropZone.tsx" path="/home/bernat/Documents/Code/honeybear/HoneyBear-Folio/app/src/components/shared/FileDropZone.tsx">
        <metrics statements="3" coveredstatements="2" conditionals="10" coveredconditionals="4" methods="2" coveredmethods="1"/>
        <line num="28" count="8" type="stmt"/>
        <line num="30" count="8" type="stmt"/>
        <line num="33" count="0" type="stmt"/>
      </file>
      <file name="ImportModal.tsx" path="/home/bernat/Documents/Code/honeybear/HoneyBear-Folio/app/src/components/shared/ImportModal.tsx">
        <metrics statements="370" coveredstatements="181" conditionals="320" coveredconditionals="132" methods="41" coveredmethods="18"/>
        <line num="38" count="18" type="stmt"/>
        <line num="39" count="18" type="stmt"/>
        <line num="40" count="18" type="stmt"/>
        <line num="41" count="18" type="stmt"/>
        <line num="57" count="18" type="stmt"/>
        <line num="58" count="18" type="stmt"/>
        <line num="64" count="18" type="stmt"/>
        <line num="65" count="18" type="stmt"/>
        <line num="66" count="18" type="stmt"/>
        <line num="67" count="18" type="stmt"/>
        <line num="68" count="18" type="stmt"/>
        <line num="69" count="18" type="stmt"/>
        <line num="70" count="18" type="stmt"/>
        <line num="71" count="18" type="stmt"/>
        <line num="74" count="18" type="stmt"/>
        <line num="75" count="18" type="stmt"/>
        <line num="77" count="18" type="stmt"/>
        <line num="78" count="2" type="stmt"/>
        <line num="79" count="2" type="stmt"/>
        <line num="80" count="2" type="stmt"/>
        <line num="81" count="8" type="stmt"/>
        <line num="82" count="8" type="cond" truecount="2" falsecount="0"/>
        <line num="84" count="6" type="cond" truecount="5" falsecount="0"/>
        <line num="88" count="2" type="stmt"/>
        <line num="89" count="4" type="cond" truecount="4" falsecount="0"/>
        <line num="90" count="2" type="stmt"/>
        <line num="91" count="2" type="cond" truecount="1" falsecount="1"/>
        <line num="92" count="2" type="cond" truecount="3" falsecount="1"/>
        <line num="93" count="0" type="stmt"/>
        <line num="94" count="2" type="cond" truecount="2" falsecount="2"/>
        <line num="95" count="2" type="stmt"/>
        <line num="96" count="0" type="cond" truecount="0" falsecount="4"/>
        <line num="97" count="0" type="stmt"/>
        <line num="99" count="0" type="cond" truecount="0" falsecount="5"/>
        <line num="103" count="0" type="stmt"/>
        <line num="104" count="0" type="cond" truecount="0" falsecount="2"/>
        <line num="105" count="0" type="cond" truecount="0" falsecount="4"/>
        <line num="106" count="0" type="stmt"/>
        <line num="107" count="0" type="cond" truecount="0" falsecount="4"/>
        <line num="108" count="0" type="stmt"/>
        <line num="110" count="2" type="stmt"/>
        <line num="114" count="18" type="stmt"/>
        <line num="117" count="2" type="stmt"/>
        <line num="118" count="2" type="stmt"/>
        <line num="120" count="2" type="stmt"/>
        <line num="121" count="2" type="stmt"/>
        <line num="122" count="2" type="stmt"/>
        <line num="124" count="2" type="cond" truecount="1" falsecount="1"/>
        <line num="125" count="0" type="stmt"/>
        <line num="132" count="0" type="cond" truecount="0" falsecount="2"/>
        <line num="133" count="0" type="cond" truecount="0" falsecount="2"/>
        <line num="134" count="0" type="cond" truecount="0" falsecount="2"/>
        <line num="137" count="2" type="cond" truecount="1" falsecount="1"/>
        <line num="138" count="2" type="stmt"/>
        <line num="139" count="2" type="stmt"/>
        <line num="140" count="2" type="stmt"/>
        <line num="142" count="2" type="cond" truecount="1" falsecount="1"/>
        <line num="143" count="0" type="stmt"/>
        <line num="145" count="2" type="cond" truecount="3" falsecount="1"/>
        <line num="148" count="2" type="stmt"/>
        <line num="149" count="0" type="cond" truecount="0" falsecount="4"/>
        <line num="150" count="0" type="stmt"/>
        <line num="153" count="0" type="stmt"/>
        <line num="154" count="0" type="stmt"/>
        <line num="155" count="0" type="stmt"/>
        <line num="156" count="0" type="stmt"/>
        <line num="157" count="0" type="stmt"/>
        <line num="161" count="2" type="stmt"/>
        <line num="163" count="8" type="cond" truecount="1" falsecount="1"/>
        <line num="164" count="2" type="stmt"/>
        <line num="168" count="2" type="stmt"/>
        <line num="169" count="2" type="stmt"/>
        <line num="170" count="2" type="stmt"/>
        <line num="171" count="2" type="stmt"/>
        <line num="173" count="0" type="stmt"/>
        <line num="174" count="0" type="stmt"/>
        <line num="179" count="0" type="stmt"/>
        <line num="180" count="0" type="stmt"/>
        <line num="182" count="0" type="cond" truecount="0" falsecount="4"/>
        <line num="183" count="0" type="stmt"/>
        <line num="185" count="0" type="stmt"/>
        <line num="186" count="0" type="stmt"/>
        <line num="187" count="0" type="stmt"/>
        <line num="190" count="0" type="stmt"/>
        <line num="192" count="0" type="cond" truecount="0" falsecount="2"/>
        <line num="193" count="0" type="stmt"/>
        <line num="194" count="0" type="stmt"/>
        <line num="195" count="0" type="stmt"/>
        <line num="196" count="0" type="stmt"/>
        <line num="197" count="0" type="cond" truecount="0" falsecount="2"/>
        <line num="199" count="0" type="stmt"/>
        <line num="202" count="0" type="stmt"/>
        <line num="203" count="0" type="stmt"/>
        <line num="204" count="0" type="stmt"/>
        <line num="205" count="0" type="stmt"/>
        <line num="208" count="0" type="stmt"/>
        <line num="209" count="0" type="stmt"/>
        <line num="214" count="2" type="cond" truecount="3" falsecount="1"/>
        <line num="215" count="2" type="stmt"/>
        <line num="217" count="0" type="stmt"/>
        <line num="224" count="18" type="stmt"/>
        <line num="226" count="0" type="stmt"/>
        <line num="228" count="0" type="stmt"/>
        <line num="231" count="0" type="stmt"/>
        <line num="234" count="0" type="cond" truecount="0" falsecount="2"/>
        <line num="237" count="0" type="stmt"/>
        <line num="238" count="0" type="stmt"/>
        <line num="242" count="0" type="stmt"/>
        <line num="243" count="0" type="stmt"/>
        <line num="245" count="0" type="stmt"/>
        <line num="246" count="0" type="stmt"/>
        <line num="256" count="18" type="stmt"/>
        <line num="258" count="4" type="stmt"/>
        <line num="260" count="4" type="stmt"/>
        <line num="264" count="4" type="stmt"/>
        <line num="265" count="4" type="stmt"/>
        <line num="268" count="4" type="stmt"/>
        <line num="269" count="4" type="stmt"/>
        <line num="270" count="4" type="stmt"/>
        <line num="272" count="4" type="stmt"/>
        <line num="274" count="4" type="stmt"/>
        <line num="275" count="0" type="stmt"/>
        <line num="276" count="0" type="stmt"/>
        <line num="277" count="0" type="cond" truecount="0" falsecount="4"/>
        <line num="278" count="0" type="stmt"/>
        <line num="280" count="0" type="stmt"/>
        <line num="281" count="0" type="stmt"/>
        <line num="282" count="0" type="stmt"/>
        <line num="284" count="0" type="cond" truecount="0" falsecount="2"/>
        <line num="286" count="0" type="stmt"/>
        <line num="289" count="0" type="stmt"/>
        <line num="293" count="4" type="stmt"/>
        <line num="294" count="0" type="stmt"/>
        <line num="298" count="4" type="stmt"/>
        <line num="299" count="0" type="stmt"/>
        <line num="303" count="4" type="stmt"/>
        <line num="305" count="4" type="stmt"/>
        <line num="307" count="4" type="cond" truecount="2" falsecount="0"/>
        <line num="309" count="4" type="cond" truecount="1" falsecount="1"/>
        <line num="310" count="4" type="cond" truecount="1" falsecount="1"/>
        <line num="311" count="4" type="cond" truecount="1" falsecount="1"/>
        <line num="316" count="18" type="stmt"/>
        <line num="317" count="0" type="stmt"/>
        <line num="318" count="0" type="stmt"/>
        <line num="319" count="0" type="stmt"/>
        <line num="322" count="18" type="stmt"/>
        <line num="323" count="0" type="stmt"/>
        <line num="324" count="0" type="stmt"/>
        <line num="326" count="0" type="stmt"/>
        <line num="327" count="0" type="stmt"/>
        <line num="330" count="18" type="stmt"/>
        <line num="331" count="0" type="stmt"/>
        <line num="332" count="0" type="stmt"/>
        <line num="335" count="0" type="cond" truecount="0" falsecount="2"/>
        <line num="336" count="0" type="stmt"/>
        <line num="338" count="0" type="stmt"/>
        <line num="341" count="18" type="stmt"/>
        <line num="342" count="0" type="stmt"/>
        <line num="343" count="0" type="stmt"/>
        <line num="344" count="0" type="stmt"/>
        <line num="346" count="0" type="stmt"/>
        <line num="347" count="0" type="cond" truecount="0" falsecount="4"/>
        <line num="348" count="0" type="stmt"/>
        <line num="349" count="0" type="stmt"/>
        <line num="350" count="0" type="stmt"/>
        <line num="351" count="0" type="stmt"/>
        <line num="352" count="0" type="stmt"/>
        <line num="355" count="0" type="cond" truecount="0" falsecount="2"/>
        <line num="356" count="0" type="stmt"/>
        <line num="357" count="0" type="stmt"/>
        <line num="362" count="18" type="stmt"/>
        <line num="363" count="2" type="stmt"/>
        <line num="364" count="2" type="cond" truecount="1" falsecount="1"/>
        <line num="365" count="2" type="stmt"/>
        <line num="366" count="2" type="stmt"/>
        <line num="369" count="18" type="stmt"/>
        <line num="372" count="2" type="cond" truecount="2" falsecount="2"/>
        <line num="373" count="0" type="stmt"/>
        <line num="374" count="0" type="stmt"/>
        <line num="377" count="2" type="stmt"/>
        <line num="380" count="2" type="stmt"/>
        <line num="381" count="2" type="stmt"/>
        <line num="382" count="2" type="stmt"/>
        <line num="383" count="2" type="stmt"/>
        <line num="384" count="2" type="stmt"/>
        <line num="385" count="2" type="stmt"/>
        <line num="387" count="2" type="cond" truecount="1" falsecount="1"/>
        <line num="388" count="0" type="stmt"/>
        <line num="392" count="0" type="stmt"/>
        <line num="393" count="0" type="stmt"/>
        <line num="396" count="2" type="cond" truecount="1" falsecount="1"/>
        <line num="397" count="2" type="stmt"/>
        <line num="398" count="2" type="stmt"/>
        <line num="399" count="2" type="cond" truecount="1" falsecount="1"/>
        <line num="400" count="0" type="stmt"/>
        <line num="402" count="2" type="cond" truecount="3" falsecount="1"/>
        <line num="405" count="2" type="stmt"/>
        <line num="406" count="0" type="cond" truecount="0" falsecount="4"/>
        <line num="407" count="0" type="stmt"/>
        <line num="409" count="0" type="stmt"/>
        <line num="412" count="2" type="stmt"/>
        <line num="414" count="0" type="stmt"/>
        <line num="415" count="0" type="stmt"/>
        <line num="417" count="2" type="stmt"/>
        <line num="418" count="0" type="cond" truecount="0" falsecount="4"/>
        <line num="419" count="0" type="stmt"/>
        <line num="420" count="0" type="stmt"/>
        <line num="421" count="0" type="stmt"/>
        <line num="422" count="0" type="stmt"/>
        <line num="427" count="0" type="cond" truecount="0" falsecount="2"/>
        <line num="431" count="0" type="cond" truecount="0" falsecount="2"/>
        <line num="432" count="0" type="stmt"/>
        <line num="433" count="0" type="cond" truecount="0" falsecount="2"/>
        <line num="435" count="0" type="cond" truecount="0" falsecount="2"/>
        <line num="438" count="0" type="cond" truecount="0" falsecount="2"/>
        <line num="439" count="0" type="stmt"/>
        <line num="442" count="0" type="stmt"/>
        <line num="443" count="0" type="cond" truecount="0" falsecount="2"/>
        <line num="447" count="0" type="cond" truecount="0" falsecount="2"/>
        <line num="451" count="0" type="cond" truecount="0" falsecount="2"/>
        <line num="452" count="0" type="stmt"/>
        <line num="455" count="0" type="stmt"/>
        <line num="459" count="0" type="stmt"/>
        <line num="461" count="0" type="stmt"/>
        <line num="462" count="0" type="stmt"/>
        <line num="466" count="2" type="cond" truecount="3" falsecount="1"/>
        <line num="467" count="2" type="stmt"/>
        <line num="469" count="0" type="stmt"/>
        <line num="473" count="18" type="stmt"/>
        <line num="477" count="2" type="stmt"/>
        <line num="478" count="2" type="stmt"/>
        <line num="479" count="2" type="stmt"/>
        <line num="481" count="2" type="stmt"/>
        <line num="483" count="2" type="stmt"/>
        <line num="484" count="2" type="cond" truecount="1" falsecount="1"/>
        <line num="485" count="2" type="stmt"/>
        <line num="486" count="2" type="stmt"/>
        <line num="487" count="2" type="stmt"/>
        <line num="493" count="0" type="stmt"/>
        <line num="499" count="2" type="stmt"/>
        <line num="502" count="2" type="stmt"/>
        <line num="506" count="2" type="stmt"/>
        <line num="508" count="2" type="stmt"/>
        <line num="509" count="2" type="stmt"/>
        <line num="510" count="2" type="cond" truecount="1" falsecount="1"/>
        <line num="514" count="2" type="cond" truecount="1" falsecount="5"/>
        <line num="521" count="2" type="cond" truecount="1" falsecount="1"/>
        <line num="523" count="2" type="cond" truecount="1" falsecount="1"/>
        <line num="526" count="2" type="cond" truecount="1" falsecount="1"/>
        <line num="527" count="2" type="stmt"/>
        <line num="529" count="2" type="stmt"/>
        <line num="530" count="2" type="cond" truecount="1" falsecount="1"/>
        <line num="533" count="0" type="stmt"/>
        <line num="534" count="0" type="cond" truecount="0" falsecount="2"/>
        <line num="535" count="0" type="stmt"/>
        <line num="537" count="0" type="stmt"/>
        <line num="538" count="0" type="cond" truecount="0" falsecount="2"/>
        <line num="542" count="2" type="stmt"/>
        <line num="544" count="2" type="stmt"/>
        <line num="545" count="2" type="stmt"/>
        <line num="546" count="2" type="stmt"/>
        <line num="548" count="2" type="cond" truecount="1" falsecount="1"/>
        <line num="549" count="2" type="cond" truecount="1" falsecount="1"/>
        <line num="550" count="0" type="stmt"/>
        <line num="551" count="2" type="cond" truecount="1" falsecount="1"/>
        <line num="552" count="0" type="stmt"/>
        <line num="553" count="2" type="cond" truecount="1" falsecount="1"/>
        <line num="554" count="2" type="stmt"/>
        <line num="556" count="2" type="stmt"/>
        <line num="557" count="2" type="cond" truecount="2" falsecount="0"/>
        <line num="559" count="2" type="cond" truecount="1" falsecount="1"/>
        <line num="561" count="0" type="stmt"/>
        <line num="562" count="0" type="stmt"/>
        <line num="564" count="0" type="cond" truecount="0" falsecount="2"/>
        <line num="569" count="0" type="stmt"/>
        <line num="570" count="0" type="stmt"/>
        <line num="572" count="0" type="cond" truecount="0" falsecount="2"/>
        <line num="577" count="0" type="stmt"/>
        <line num="578" count="0" type="stmt"/>
        <line num="581" count="0" type="cond" truecount="0" falsecount="2"/>
        <line num="582" count="0" type="stmt"/>
        <line num="583" count="0" type="stmt"/>
        <line num="584" count="0" type="cond" truecount="0" falsecount="2"/>
        <line num="591" count="0" type="stmt"/>
        <line num="593" count="0" type="stmt"/>
        <line num="594" count="0" type="cond" truecount="0" falsecount="2"/>
        <line num="599" count="0" type="stmt"/>
        <line num="600" count="0" type="stmt"/>
        <line num="604" count="0" type="cond" truecount="0" falsecount="2"/>
        <line num="607" count="0" type="cond" truecount="0" falsecount="2"/>
        <line num="608" count="0" type="stmt"/>
        <line num="609" count="0" type="stmt"/>
        <line num="615" count="0" type="stmt"/>
        <line num="616" count="0" type="stmt"/>
        <line num="618" count="0" type="stmt"/>
        <line num="620" count="0" type="stmt"/>
        <line num="621" count="0" type="cond" truecount="0" falsecount="2"/>
        <line num="622" count="0" type="stmt"/>
        <line num="626" count="0" type="stmt"/>
        <line num="627" count="0" type="stmt"/>
        <line num="629" count="0" type="stmt"/>
        <line num="632" count="2" type="cond" truecount="1" falsecount="1"/>
        <line num="636" count="2" type="stmt"/>
        <line num="637" count="2" type="cond" truecount="1" falsecount="1"/>
        <line num="638" count="2" type="stmt"/>
        <line num="639" count="2" type="cond" truecount="1" falsecount="1"/>
        <line num="641" count="2" type="stmt"/>
        <line num="642" count="2" type="stmt"/>
        <line num="643" count="2" type="cond" truecount="1" falsecount="1"/>
        <line num="647" count="2" type="cond" truecount="4" falsecount="1"/>
        <line num="648" count="0" type="stmt"/>
        <line num="650" count="2" type="stmt"/>
        <line num="651" count="2" type="cond" truecount="1" falsecount="1"/>
        <line num="653" count="0" type="stmt"/>
        <line num="656" count="0" type="stmt"/>
        <line num="657" count="0" type="stmt"/>
        <line num="658" count="0" type="cond" truecount="0" falsecount="2"/>
        <line num="659" count="0" type="cond" truecount="0" falsecount="2"/>
        <line num="661" count="0" type="stmt"/>
        <line num="664" count="0" type="stmt"/>
        <line num="667" count="0" type="cond" truecount="0" falsecount="4"/>
        <line num="668" count="0" type="stmt"/>
        <line num="670" count="0" type="stmt"/>
        <line num="671" count="0" type="stmt"/>
        <line num="674" count="2" type="stmt"/>
        <line num="679" count="2" type="stmt"/>
        <line num="680" count="2" type="cond" truecount="1" falsecount="1"/>
        <line num="683" count="2" type="cond" truecount="1" falsecount="1"/>
        <line num="686" count="2" type="cond" truecount="1" falsecount="1"/>
        <line num="693" count="2" type="cond" truecount="1" falsecount="1"/>
        <line num="696" count="2" type="cond" truecount="1" falsecount="1"/>
        <line num="700" count="2" type="cond" truecount="1" falsecount="1"/>
        <line num="709" count="2" type="cond" truecount="1" falsecount="1"/>
        <line num="710" count="0" type="stmt"/>
        <line num="711" count="2" type="cond" truecount="1" falsecount="1"/>
        <line num="712" count="0" type="stmt"/>
        <line num="713" count="2" type="cond" truecount="1" falsecount="1"/>
        <line num="714" count="0" type="stmt"/>
        <line num="716" count="2" type="cond" truecount="2" falsecount="2"/>
        <line num="717" count="2" type="cond" truecount="2" falsecount="2"/>
        <line num="718" count="2" type="cond" truecount="2" falsecount="2"/>
        <line num="719" count="2" type="cond" truecount="1" falsecount="1"/>
        <line num="721" count="2" type="stmt"/>
        <line num="736" count="2" type="stmt"/>
        <line num="738" count="0" type="stmt"/>
        <line num="739" count="0" type="stmt"/>
        <line num="740" count="0" type="stmt"/>
        <line num="742" count="2" type="stmt"/>
        <line num="743" count="2" type="stmt"/>
        <line num="753" count="2" type="stmt"/>
        <line num="755" count="2" type="stmt"/>
        <line num="756" count="2" type="stmt"/>
        <line num="758" count="2" type="cond" truecount="1" falsecount="1"/>
        <line num="760" count="2" type="cond" truecount="1" falsecount="1"/>
        <line num="763" count="2" type="cond" truecount="3" falsecount="1"/>
        <line num="764" count="0" type="stmt"/>
        <line num="768" count="0" type="stmt"/>
        <line num="770" count="2" type="stmt"/>
        <line num="779" count="2" type="stmt"/>
        <line num="780" count="2" type="cond" truecount="1" falsecount="1"/>
        <line num="781" count="2" type="stmt"/>
        <line num="782" count="0" type="stmt"/>
        <line num="785" count="0" type="stmt"/>
        <line num="790" count="18" type="stmt"/>
        <line num="795" count="18" type="cond" truecount="1" falsecount="1"/>
        <line num="797" count="18" type="stmt"/>
        <line num="849" count="0" type="stmt"/>
        <line num="850" count="0" type="stmt"/>
        <line num="877" count="2" type="stmt"/>
        <line num="886" count="0" type="stmt"/>
      </file>
      <file name="UpdateNotification.tsx" path="/home/bernat/Documents/Code/honeybear/HoneyBear-Folio/app/src/components/shared/UpdateNotification.tsx">
        <metrics statements="73" coveredstatements="27" conditionals="41" coveredconditionals="17" methods="19" coveredmethods="3"/>
        <line num="24" count="10" type="stmt"/>
        <line num="25" count="10" type="stmt"/>
        <line num="26" count="10" type="stmt"/>
        <line num="27" count="10" type="stmt"/>
        <line num="28" count="10" type="stmt"/>
        <line num="29" count="10" type="stmt"/>
        <line num="30" count="10" type="stmt"/>
        <line num="31" count="10" type="stmt"/>
        <line num="33" count="10" type="stmt"/>
        <line num="34" count="0" type="cond" truecount="0" falsecount="2"/>
        <line num="35" count="0" type="stmt"/>
        <line num="36" count="0" type="stmt"/>
        <line num="37" count="0" type="stmt"/>
        <line num="38" count="0" type="stmt"/>
        <line num="41" count="10" type="stmt"/>
        <line num="42" count="7" type="stmt"/>
        <line num="44" count="7" type="cond" truecount="2" falsecount="0"/>
        <line num="45" count="1" type="stmt"/>
        <line num="48" count="6" type="stmt"/>
        <line num="50" count="6" type="stmt"/>
        <line num="53" count="6" type="cond" truecount="1" falsecount="1"/>
        <line num="55" count="0" type="stmt"/>
        <line num="56" count="0" type="stmt"/>
        <line num="62" count="0" type="stmt"/>
        <line num="63" count="0" type="stmt"/>
        <line num="64" count="0" type="stmt"/>
        <line num="65" count="0" type="stmt"/>
        <line num="67" count="0" type="stmt"/>
        <line num="71" count="6" type="stmt"/>
        <line num="74" count="5" type="cond" truecount="2" falsecount="0"/>
        <line num="75" count="3" type="stmt"/>
        <line num="76" count="3" type="stmt"/>
        <line num="79" count="1" type="stmt"/>
        <line num="83" count="7" type="stmt"/>
        <line num="86" count="10" type="stmt"/>
        <line num="87" count="0" type="cond" truecount="0" falsecount="2"/>
        <line num="89" count="0" type="stmt"/>
        <line num="90" count="0" type="stmt"/>
        <line num="91" count="0" type="stmt"/>
        <line num="93" count="0" type="stmt"/>
        <line num="94" count="0" type="stmt"/>
        <line num="96" count="0" type="stmt"/>
        <line num="97" count="0" type="cond" truecount="0" falsecount="3"/>
        <line num="99" count="0" type="cond" truecount="0" falsecount="2"/>
        <line num="100" count="0" type="stmt"/>
        <line num="102" count="0" type="cond" truecount="0" falsecount="2"/>
        <line num="103" count="0" type="cond" truecount="0" falsecount="2"/>
        <line num="104" count="0" type="stmt"/>
        <line num="106" count="0" type="stmt"/>
        <line num="108" count="0" type="stmt"/>
        <line num="109" count="0" type="stmt"/>
        <line num="113" count="0" type="stmt"/>
        <line num="114" count="0" type="stmt"/>
        <line num="116" count="0" type="stmt"/>
        <line num="117" count="0" type="cond" truecount="0" falsecount="2"/>
        <line num="118" count="0" type="stmt"/>
        <line num="122" count="10" type="stmt"/>
        <line num="123" count="0" type="stmt"/>
        <line num="124" count="0" type="stmt"/>
        <line num="126" count="0" type="stmt"/>
        <line num="127" count="0" type="stmt"/>
        <line num="131" count="10" type="stmt"/>
        <line num="132" count="0" type="stmt"/>
        <line num="135" count="10" type="cond" truecount="2" falsecount="0"/>
        <line num="137" count="3" type="stmt"/>
        <line num="154" count="0" type="stmt"/>
        <line num="174" count="0" type="stmt"/>
        <line num="177" count="0" type="stmt"/>
        <line num="180" count="0" type="stmt"/>
        <line num="188" count="0" type="stmt"/>
        <line num="194" count="0" type="stmt"/>
        <line num="200" count="0" type="stmt"/>
        <line num="206" count="0" type="stmt"/>
      </file>
      <file name="WelcomeWindow.tsx" path="/home/bernat/Documents/Code/honeybear/HoneyBear-Folio/app/src/components/shared/WelcomeWindow.tsx">
        <metrics statements="24" coveredstatements="18" conditionals="4" coveredconditionals="4" methods="12" coveredmethods="6"/>
        <line num="15" count="8" type="stmt"/>
        <line num="16" count="8" type="stmt"/>
        <line num="17" count="7" type="stmt"/>
        <line num="18" count="7" type="cond" truecount="2" falsecount="0"/>
        <line num="20" count="6" type="stmt"/>
        <line num="21" count="6" type="stmt"/>
        <line num="24" count="0" type="stmt"/>
        <line num="27" count="8" type="stmt"/>
        <line num="38" count="8" type="stmt"/>
        <line num="41" count="8" type="stmt"/>
        <line num="42" count="8" type="stmt"/>
        <line num="54" count="8" type="stmt"/>
        <line num="55" count="1" type="stmt"/>
        <line num="56" count="1" type="stmt"/>
        <line num="59" count="8" type="cond" truecount="2" falsecount="0"/>
        <line num="61" count="6" type="stmt"/>
        <line num="78" count="1" type="stmt"/>
        <line num="79" count="12" type="stmt"/>
        <line num="93" count="0" type="stmt"/>
        <line num="110" count="0" type="stmt"/>
        <line num="111" count="18" type="stmt"/>
        <line num="125" count="0" type="stmt"/>
        <line num="142" count="0" type="stmt"/>
        <line num="155" count="0" type="stmt"/>
      </file>
      <file name="import-types.ts" path="/home/bernat/Documents/Code/honeybear/HoneyBear-Folio/app/src/components/shared/import-types.ts">
        <metrics statements="4" coveredstatements="1" conditionals="4" coveredconditionals="0" methods="1" coveredmethods="0"/>
        <line num="1" count="2" type="stmt"/>
        <line num="2" count="0" type="stmt"/>
        <line num="3" count="0" type="stmt"/>
        <line num="9" count="0" type="cond" truecount="0" falsecount="4"/>
      </file>
    </package>
    <package name="components.ui">
      <metrics statements="266" coveredstatements="220" conditionals="220" coveredconditionals="155" methods="79" coveredmethods="70"/>
      <file name="ConfirmDialog.tsx" path="/home/bernat/Documents/Code/honeybear/HoneyBear-Folio/app/src/components/ui/ConfirmDialog.tsx">
        <metrics statements="29" coveredstatements="29" conditionals="32" coveredconditionals="28" methods="10" coveredmethods="10"/>
        <line num="10" count="50" type="stmt"/>
        <line num="11" count="50" type="stmt"/>
        <line num="12" count="50" type="stmt"/>
        <line num="13" count="50" type="stmt"/>
        <line num="14" count="14" type="stmt"/>
        <line num="16" count="14" type="cond" truecount="2" falsecount="0"/>
        <line num="18" count="6" type="cond" truecount="2" falsecount="0"/>
        <line num="19" count="14" type="cond" truecount="2" falsecount="0"/>
        <line num="20" count="14" type="cond" truecount="2" falsecount="0"/>
        <line num="21" count="14" type="cond" truecount="2" falsecount="0"/>
        <line num="23" count="14" type="cond" truecount="1" falsecount="1"/>
        <line num="25" count="14" type="stmt"/>
        <line num="33" count="1" type="stmt"/>
        <line num="34" count="1" type="stmt"/>
        <line num="60" count="6" type="cond" truecount="2" falsecount="0"/>
        <line num="61" count="6" type="stmt"/>
        <line num="62" count="6" type="stmt"/>
        <line num="64" count="6" type="stmt"/>
        <line num="65" count="6" type="cond" truecount="5" falsecount="0"/>
        <line num="66" count="2" type="stmt"/>
        <line num="67" count="4" type="cond" truecount="3" falsecount="1"/>
        <line num="68" count="4" type="stmt"/>
        <line num="72" count="6" type="cond" truecount="1" falsecount="1"/>
        <line num="74" count="6" type="stmt"/>
        <line num="75" count="6" type="cond" truecount="3" falsecount="0"/>
        <line num="77" count="1" type="stmt"/>
        <line num="79" count="1" type="stmt"/>
        <line num="81" count="4" type="stmt"/>
        <line num="85" count="6" type="stmt"/>
      </file>
      <file name="CustomSelect.tsx" path="/home/bernat/Documents/Code/honeybear/HoneyBear-Folio/app/src/components/ui/CustomSelect.tsx">
        <metrics statements="116" coveredstatements="79" conditionals="98" coveredconditionals="54" methods="23" coveredmethods="19"/>
        <line num="44" count="99" type="stmt"/>
        <line num="45" count="99" type="stmt"/>
        <line num="46" count="99" type="stmt"/>
        <line num="47" count="99" type="stmt"/>
        <line num="48" count="99" type="stmt"/>
        <line num="49" count="99" type="stmt"/>
        <line num="50" count="99" type="stmt"/>
        <line num="51" count="99" type="stmt"/>
        <line num="53" count="213" type="stmt"/>
        <line num="55" count="99" type="stmt"/>
        <line num="56" count="904" type="cond" truecount="1" falsecount="1"/>
        <line num="57" count="904" type="stmt"/>
        <line num="60" count="99" type="stmt"/>
        <line num="61" count="38" type="stmt"/>
        <line num="62" count="2" type="cond" truecount="2" falsecount="0"/>
        <line num="64" count="2" type="cond" truecount="3" falsecount="0"/>
        <line num="68" count="2" type="cond" truecount="2" falsecount="0"/>
        <line num="69" count="2" type="cond" truecount="1" falsecount="1"/>
        <line num="74" count="0" type="stmt"/>
        <line num="75" count="0" type="stmt"/>
        <line num="76" count="0" type="stmt"/>
        <line num="77" count="0" type="stmt"/>
        <line num="80" count="38" type="stmt"/>
        <line num="81" count="38" type="stmt"/>
        <line num="84" count="99" type="stmt"/>
        <line num="85" count="49" type="cond" truecount="2" falsecount="0"/>
        <line num="87" count="9" type="stmt"/>
        <line num="88" count="49" type="stmt"/>
        <line num="91" count="99" type="stmt"/>
        <line num="92" count="45" type="cond" truecount="2" falsecount="0"/>
        <line num="95" count="0" type="stmt"/>
        <line num="96" count="0" type="cond" truecount="0" falsecount="2"/>
        <line num="97" count="0" type="cond" truecount="0" falsecount="2"/>
        <line num="105" count="0" type="stmt"/>
        <line num="107" count="0" type="cond" truecount="0" falsecount="2"/>
        <line num="114" count="0" type="stmt"/>
        <line num="120" count="0" type="stmt"/>
        <line num="121" count="0" type="stmt"/>
        <line num="122" count="0" type="stmt"/>
        <line num="123" count="0" type="stmt"/>
        <line num="126" count="5" type="stmt"/>
        <line num="127" count="5" type="stmt"/>
        <line num="128" count="5" type="stmt"/>
        <line num="129" count="5" type="stmt"/>
        <line num="130" count="5" type="stmt"/>
        <line num="131" count="5" type="stmt"/>
        <line num="132" count="5" type="stmt"/>
        <line num="133" count="5" type="stmt"/>
        <line num="134" count="5" type="stmt"/>
        <line num="138" count="99" type="stmt"/>
        <line num="139" count="45" type="cond" truecount="2" falsecount="0"/>
        <line num="141" count="5" type="stmt"/>
        <line num="142" count="5" type="stmt"/>
        <line num="145" count="99" type="stmt"/>
        <line num="146" count="5" type="cond" truecount="3" falsecount="1"/>
        <line num="147" count="5" type="stmt"/>
        <line num="148" count="5" type="stmt"/>
        <line num="158" count="5" type="stmt"/>
        <line num="159" count="15" type="cond" truecount="1" falsecount="1"/>
        <line num="160" count="15" type="stmt"/>
        <line num="162" count="5" type="stmt"/>
        <line num="163" count="15" type="stmt"/>
        <line num="165" count="5" type="cond" truecount="2" falsecount="2"/>
        <line num="167" count="5" type="stmt"/>
        <line num="169" count="0" type="stmt"/>
        <line num="170" count="0" type="stmt"/>
        <line num="171" count="0" type="stmt"/>
        <line num="172" count="0" type="stmt"/>
        <line num="176" count="99" type="stmt"/>
        <line num="177" count="10" type="cond" truecount="1" falsecount="1"/>
        <line num="178" count="0" type="stmt"/>
        <line num="179" count="0" type="cond" truecount="0" falsecount="2"/>
        <line num="180" count="0" type="stmt"/>
        <line num="181" count="0" type="stmt"/>
        <line num="182" count="0" type="stmt"/>
        <line num="184" count="0" type="stmt"/>
        <line num="185" count="10" type="cond" truecount="1" falsecount="1"/>
        <line num="186" count="0" type="stmt"/>
        <line num="187" count="0" type="stmt"/>
        <line num="188" count="10" type="cond" truecount="1" falsecount="1"/>
        <line num="189" count="0" type="stmt"/>
        <line num="190" count="0" type="cond" truecount="0" falsecount="4"/>
        <line num="191" count="10" type="cond" truecount="2" falsecount="0"/>
        <line num="192" count="2" type="stmt"/>
        <line num="193" count="2" type="cond" truecount="3" falsecount="1"/>
        <line num="194" count="2" type="stmt"/>
        <line num="195" count="8" type="cond" truecount="2" falsecount="0"/>
        <line num="196" count="2" type="stmt"/>
        <line num="197" count="2" type="cond" truecount="4" falsecount="1"/>
        <line num="198" count="2" type="stmt"/>
        <line num="199" count="2" type="stmt"/>
        <line num="200" count="2" type="stmt"/>
        <line num="201" count="2" type="stmt"/>
        <line num="202" count="2" type="stmt"/>
        <line num="203" count="2" type="stmt"/>
        <line num="205" count="0" type="cond" truecount="0" falsecount="2"/>
        <line num="206" count="0" type="stmt"/>
        <line num="207" count="0" type="stmt"/>
        <line num="216" count="0" type="stmt"/>
        <line num="218" count="6" type="cond" truecount="1" falsecount="1"/>
        <line num="219" count="0" type="stmt"/>
        <line num="220" count="0" type="stmt"/>
        <line num="221" count="0" type="stmt"/>
        <line num="222" count="0" type="stmt"/>
        <line num="226" count="99" type="stmt"/>
        <line num="270" count="3" type="stmt"/>
        <line num="271" count="3" type="stmt"/>
        <line num="287" count="23" type="stmt"/>
        <line num="288" count="23" type="stmt"/>
        <line num="289" count="23" type="stmt"/>
        <line num="300" count="0" type="stmt"/>
        <line num="302" count="1" type="stmt"/>
        <line num="303" count="1" type="stmt"/>
        <line num="304" count="1" type="stmt"/>
        <line num="305" count="1" type="stmt"/>
        <line num="306" count="1" type="stmt"/>
      </file>
      <file name="MaskedNumber.tsx" path="/home/bernat/Documents/Code/honeybear/HoneyBear-Folio/app/src/components/ui/MaskedNumber.tsx">
        <metrics statements="18" coveredstatements="14" conditionals="17" coveredconditionals="15" methods="7" coveredmethods="3"/>
        <line num="18" count="101" type="stmt"/>
        <line num="19" count="101" type="stmt"/>
        <line num="20" count="101" type="stmt"/>
        <line num="21" count="101" type="stmt"/>
        <line num="23" count="101" type="stmt"/>
        <line num="24" count="101" type="stmt"/>
        <line num="26" count="101" type="cond" truecount="2" falsecount="0"/>
        <line num="27" count="6" type="stmt"/>
        <line num="37" count="0" type="stmt"/>
        <line num="38" count="0" type="stmt"/>
        <line num="39" count="0" type="stmt"/>
        <line num="41" count="2" type="cond" truecount="2" falsecount="2"/>
        <line num="42" count="2" type="stmt"/>
        <line num="43" count="2" type="stmt"/>
        <line num="46" count="0" type="stmt"/>
        <line num="54" count="95" type="cond" truecount="2" falsecount="0"/>
        <line num="55" count="1" type="stmt"/>
        <line num="62" count="94" type="stmt"/>
      </file>
      <file name="Modal.tsx" path="/home/bernat/Documents/Code/honeybear/HoneyBear-Folio/app/src/components/ui/Modal.tsx">
        <metrics statements="56" coveredstatements="52" conditionals="34" coveredconditionals="27" methods="14" coveredmethods="14"/>
        <line num="26" count="8" type="stmt"/>
        <line num="48" count="77" type="stmt"/>
        <line num="50" count="77" type="stmt"/>
        <line num="51" count="50" type="stmt"/>
        <line num="52" count="3" type="cond" truecount="2" falsecount="0"/>
        <line num="54" count="50" type="stmt"/>
        <line num="55" count="50" type="stmt"/>
        <line num="59" count="77" type="stmt"/>
        <line num="60" count="50" type="stmt"/>
        <line num="61" count="50" type="stmt"/>
        <line num="62" count="50" type="stmt"/>
        <line num="63" count="50" type="stmt"/>
        <line num="68" count="77" type="stmt"/>
        <line num="69" count="50" type="stmt"/>
        <line num="70" count="50" type="cond" truecount="1" falsecount="1"/>
        <line num="72" count="50" type="stmt"/>
        <line num="74" count="50" type="stmt"/>
        <line num="75" count="54" type="stmt"/>
        <line num="78" count="50" type="stmt"/>
        <line num="79" count="50" type="cond" truecount="2" falsecount="0"/>
        <line num="80" count="45" type="stmt"/>
        <line num="82" count="5" type="stmt"/>
        <line num="85" count="50" type="stmt"/>
        <line num="86" count="3" type="cond" truecount="2" falsecount="0"/>
        <line num="87" count="2" type="stmt"/>
        <line num="88" count="2" type="cond" truecount="1" falsecount="1"/>
        <line num="89" count="0" type="stmt"/>
        <line num="90" count="0" type="stmt"/>
        <line num="91" count="0" type="stmt"/>
        <line num="93" count="2" type="stmt"/>
        <line num="94" count="2" type="stmt"/>
        <line num="95" count="2" type="cond" truecount="2" falsecount="0"/>
        <line num="96" count="1" type="cond" truecount="1" falsecount="1"/>
        <line num="100" count="1" type="stmt"/>
        <line num="101" count="1" type="stmt"/>
        <line num="104" count="1" type="cond" truecount="1" falsecount="1"/>
        <line num="105" count="1" type="stmt"/>
        <line num="106" count="1" type="stmt"/>
        <line num="112" count="50" type="stmt"/>
        <line num="113" count="12" type="cond" truecount="2" falsecount="0"/>
        <line num="114" count="2" type="stmt"/>
        <line num="115" count="2" type="cond" truecount="1" falsecount="1"/>
        <line num="116" count="2" type="stmt"/>
        <line num="118" count="0" type="stmt"/>
        <line num="123" count="50" type="stmt"/>
        <line num="124" count="50" type="stmt"/>
        <line num="125" count="50" type="stmt"/>
        <line num="126" count="50" type="stmt"/>
        <line num="127" count="50" type="stmt"/>
        <line num="128" count="50" type="stmt"/>
        <line num="132" count="77" type="stmt"/>
        <line num="145" count="77" type="stmt"/>
        <line num="174" count="67" type="stmt"/>
        <line num="175" count="67" type="stmt"/>
        <line num="200" count="67" type="stmt"/>
        <line num="209" count="67" type="stmt"/>
      </file>
      <file name="NumberInput.tsx" path="/home/bernat/Documents/Code/honeybear/HoneyBear-Folio/app/src/components/ui/NumberInput.tsx">
        <metrics statements="24" coveredstatements="24" conditionals="18" coveredconditionals="15" methods="7" coveredmethods="7"/>
        <line num="33" count="278" type="stmt"/>
        <line num="34" count="278" type="stmt"/>
        <line num="35" count="278" type="stmt"/>
        <line num="36" count="278" type="stmt"/>
        <line num="37" count="278" type="stmt"/>
        <line num="40" count="278" type="stmt"/>
        <line num="41" count="82" type="cond" truecount="2" falsecount="0"/>
        <line num="42" count="75" type="cond" truecount="2" falsecount="0"/>
        <line num="47" count="1" type="stmt"/>
        <line num="49" count="74" type="stmt"/>
        <line num="67" count="278" type="stmt"/>
        <line num="68" count="6" type="stmt"/>
        <line num="69" count="6" type="cond" truecount="1" falsecount="1"/>
        <line num="70" count="6" type="stmt"/>
        <line num="71" count="6" type="stmt"/>
        <line num="74" count="278" type="stmt"/>
        <line num="83" count="7" type="stmt"/>
        <line num="84" count="7" type="cond" truecount="1" falsecount="1"/>
        <line num="89" count="7" type="stmt"/>
        <line num="99" count="7" type="stmt"/>
        <line num="100" count="5" type="stmt"/>
        <line num="102" count="1" type="cond" truecount="1" falsecount="1"/>
        <line num="103" count="1" type="stmt"/>
        <line num="104" count="1" type="stmt"/>
      </file>
      <file name="Skeleton.tsx" path="/home/bernat/Documents/Code/honeybear/HoneyBear-Folio/app/src/components/ui/Skeleton.tsx">
        <metrics statements="10" coveredstatements="9" conditionals="11" coveredconditionals="6" methods="10" coveredmethods="9"/>
        <line num="6" count="897" type="stmt"/>
        <line num="14" count="37" type="stmt"/>
        <line num="26" count="11" type="stmt"/>
        <line num="37" count="150" type="stmt"/>
        <line num="48" count="30" type="stmt"/>
        <line num="57" count="150" type="stmt"/>
        <line num="64" count="3" type="stmt"/>
        <line num="76" count="12" type="stmt"/>
        <line num="90" count="30" type="stmt"/>
        <line num="120" count="0" type="stmt"/>
      </file>
      <file name="Switch.tsx" path="/home/bernat/Documents/Code/honeybear/HoneyBear-Folio/app/src/components/ui/Switch.tsx">
        <metrics statements="2" coveredstatements="2" conditionals="6" coveredconditionals="6" methods="2" coveredmethods="2"/>
        <line num="14" count="13" type="stmt"/>
        <line num="20" count="1" type="cond" truecount="2" falsecount="0"/>
      </file>
      <file name="Toast.tsx" path="/home/bernat/Documents/Code/honeybear/HoneyBear-Folio/app/src/components/ui/Toast.tsx">
        <metrics statements="11" coveredstatements="11" conditionals="4" coveredconditionals="4" methods="6" coveredmethods="6"/>
        <line num="10" count="72" type="stmt"/>
        <line num="11" count="72" type="stmt"/>
        <line num="12" count="20" type="stmt"/>
        <line num="14" count="20" type="stmt"/>
        <line num="15" count="10" type="cond" truecount="4" falsecount="0"/>
        <line num="17" count="2" type="stmt"/>
        <line num="19" count="2" type="stmt"/>
        <line num="22" count="6" type="stmt"/>
        <line num="26" count="20" type="stmt"/>
        <line num="29" count="10" type="stmt"/>
        <line num="40" count="1" type="stmt"/>
      </file>
    </package>
    <package name="config">
      <metrics statements="10" coveredstatements="10" conditionals="4" coveredconditionals="3" methods="2" coveredmethods="2"/>
      <file name="contributors.ts" path="/home/bernat/Documents/Code/honeybear/HoneyBear-Folio/app/src/config/contributors.ts">
        <metrics statements="1" coveredstatements="1" conditionals="0" coveredconditionals="0" methods="0" coveredmethods="0"/>
        <line num="7" count="1" type="stmt"/>
      </file>
      <file name="licenses.ts" path="/home/bernat/Documents/Code/honeybear/HoneyBear-Folio/app/src/config/licenses.ts">
        <metrics statements="1" coveredstatements="1" conditionals="0" coveredconditionals="0" methods="0" coveredmethods="0"/>
        <line num="10" count="2" type="stmt"/>
      </file>
      <file name="tag-colors.ts" path="/home/bernat/Documents/Code/honeybear/HoneyBear-Folio/app/src/config/tag-colors.ts">
        <metrics statements="8" coveredstatements="8" conditionals="4" coveredconditionals="3" methods="2" coveredmethods="2"/>
        <line num="12" count="3" type="stmt"/>
        <line num="99" count="3" type="stmt"/>
        <line num="101" count="3" type="stmt"/>
        <line num="102" count="3" type="stmt"/>
        <line num="109" count="48" type="cond" truecount="2" falsecount="0"/>
        <line num="110" count="48" type="stmt"/>
        <line num="117" count="14" type="cond" truecount="1" falsecount="1"/>
        <line num="118" count="14" type="stmt"/>
      </file>
    </package>
    <package name="constants">
      <metrics statements="13" coveredstatements="13" conditionals="0" coveredconditionals="0" methods="2" coveredmethods="2"/>
      <file name="app.ts" path="/home/bernat/Documents/Code/honeybear/HoneyBear-Folio/app/src/constants/app.ts">
        <metrics statements="13" coveredstatements="13" conditionals="0" coveredconditionals="0" methods="2" coveredmethods="2"/>
        <line num="1" count="5" type="stmt"/>
        <line num="14" count="5" type="stmt"/>
        <line num="29" count="5" type="stmt"/>
        <line num="53" count="5" type="stmt"/>
        <line num="64" count="5" type="stmt"/>
        <line num="75" count="5" type="stmt"/>
        <line num="81" count="5" type="stmt"/>
        <line num="82" count="5" type="stmt"/>
        <line num="84" count="5" type="stmt"/>
        <line num="121" count="12" type="stmt"/>
        <line num="168" count="5" type="stmt"/>
        <line num="175" count="5" type="stmt"/>
        <line num="178" count="29" type="stmt"/>
      </file>
    </package>
    <package name="contexts">
      <metrics statements="0" coveredstatements="0" conditionals="0" coveredconditionals="0" methods="0" coveredmethods="0"/>
      <file name="toast.ts" path="/home/bernat/Documents/Code/honeybear/HoneyBear-Folio/app/src/contexts/toast.ts">
        <metrics statements="0" coveredstatements="0" conditionals="0" coveredconditionals="0" methods="0" coveredmethods="0"/>
      </file>
    </package>
    <package name="features.accounts">
      <metrics statements="618" coveredstatements="237" conditionals="634" coveredconditionals="148" methods="192" coveredmethods="53"/>
      <file name="AccountDetails.tsx" path="/home/bernat/Documents/Code/honeybear/HoneyBear-Folio/app/src/features/accounts/AccountDetails.tsx">
        <metrics statements="329" coveredstatements="113" conditionals="265" coveredconditionals="33" methods="70" coveredmethods="23"/>
        <line num="37" count="11" type="stmt"/>
        <line num="38" count="11" type="stmt"/>
        <line num="39" count="11" type="stmt"/>
        <line num="42" count="11" type="stmt"/>
        <line num="43" count="11" type="stmt"/>
        <line num="44" count="11" type="stmt"/>
        <line num="45" count="11" type="stmt"/>
        <line num="47" count="11" type="stmt"/>
        <line num="51" count="11" type="stmt"/>
        <line num="53" count="11" type="stmt"/>
        <line num="54" count="11" type="stmt"/>
        <line num="55" count="11" type="stmt"/>
        <line num="58" count="11" type="stmt"/>
        <line num="61" count="11" type="stmt"/>
        <line num="64" count="11" type="stmt"/>
        <line num="66" count="11" type="stmt"/>
        <line num="69" count="11" type="stmt"/>
        <line num="70" count="11" type="stmt"/>
        <line num="73" count="11" type="stmt"/>
        <line num="74" count="11" type="stmt"/>
        <line num="75" count="11" type="stmt"/>
        <line num="77" count="11" type="stmt"/>
        <line num="79" count="11" type="stmt"/>
        <line num="82" count="11" type="stmt"/>
        <line num="83" count="11" type="stmt"/>
        <line num="84" count="11" type="stmt"/>
        <line num="86" count="11" type="stmt"/>
        <line num="87" count="4" type="stmt"/>
        <line num="91" count="11" type="stmt"/>
        <line num="93" count="1" type="cond" truecount="1" falsecount="1"/>
        <line num="97" count="0" type="stmt"/>
        <line num="100" count="4" type="stmt"/>
        <line num="101" count="4" type="stmt"/>
        <line num="105" count="11" type="stmt"/>
        <line num="106" count="11" type="stmt"/>
        <line num="107" count="11" type="stmt"/>
        <line num="108" count="11" type="stmt"/>
        <line num="109" count="11" type="stmt"/>
        <line num="110" count="11" type="stmt"/>
        <line num="111" count="11" type="stmt"/>
        <line num="112" count="4" type="cond" truecount="2" falsecount="0"/>
        <line num="115" count="11" type="stmt"/>
        <line num="116" count="4" type="cond" truecount="1" falsecount="1"/>
        <line num="117" count="0" type="cond" truecount="0" falsecount="2"/>
        <line num="118" count="0" type="cond" truecount="0" falsecount="3"/>
        <line num="123" count="11" type="stmt"/>
        <line num="124" count="11" type="stmt"/>
        <line num="125" count="11" type="stmt"/>
[...]
        <line num="189" count="0" type="stmt"/>
        <line num="196" count="12" type="stmt"/>
        <line num="206" count="2" type="cond" truecount="1" falsecount="1"/>
        <line num="207" count="2" type="cond" truecount="1" falsecount="1"/>
        <line num="209" count="2" type="stmt"/>
        <line num="210" count="2" type="stmt"/>
        <line num="211" count="2" type="stmt"/>
        <line num="212" count="2" type="stmt"/>
        <line num="214" count="2" type="cond" truecount="1" falsecount="1"/>
        <line num="217" count="2" type="stmt"/>
        <line num="218" count="2" type="cond" truecount="1" falsecount="1"/>
        <line num="219" count="2" type="stmt"/>
        <line num="222" count="2" type="stmt"/>
        <line num="232" count="5" type="stmt"/>
        <line num="234" count="5" type="cond" truecount="2" falsecount="0"/>
        <line num="235" count="2" type="stmt"/>
        <line num="236" count="3" type="cond" truecount="3" falsecount="1"/>
        <line num="237" count="3" type="stmt"/>
        <line num="238" count="3" type="stmt"/>
        <line num="239" count="3" type="cond" truecount="3" falsecount="1"/>
        <line num="243" count="5" type="cond" truecount="2" falsecount="0"/>
        <line num="244" count="3" type="cond" truecount="1" falsecount="1"/>
        <line num="246" count="3" type="cond" truecount="2" falsecount="2"/>
        <line num="248" count="3" type="cond" truecount="1" falsecount="1"/>
        <line num="251" count="5" type="stmt"/>
        <line num="255" count="5" type="cond" truecount="3" falsecount="1"/>
        <line num="256" count="5" type="stmt"/>
        <line num="257" count="5" type="cond" truecount="1" falsecount="1"/>
        <line num="258" count="5" type="cond" truecount="1" falsecount="1"/>
        <line num="260" count="5" type="stmt"/>
        <line num="271" count="3" type="cond" truecount="4" falsecount="1"/>
        <line num="272" count="0" type="stmt"/>
        <line num="275" count="3" type="stmt"/>
        <line num="276" count="3" type="cond" truecount="2" falsecount="0"/>
        <line num="278" count="2" type="stmt"/>
        <line num="280" count="2" type="stmt"/>
        <line num="284" count="5" type="cond" truecount="1" falsecount="1"/>
        <line num="285" count="5" type="stmt"/>
        <line num="288" count="5" type="stmt"/>
        <line num="300" count="1" type="cond" truecount="1" falsecount="1"/>
        <line num="301" count="2" type="cond" truecount="1" falsecount="1"/>
        <line num="302" count="1" type="stmt"/>
        <line num="303" count="1" type="stmt"/>
        <line num="304" count="1" type="stmt"/>
        <line num="305" count="2" type="stmt"/>
        <line num="308" count="1" type="stmt"/>
        <line num="315" count="8" type="stmt"/>
        <line num="316" count="8" type="stmt"/>
        <line num="318" count="8" type="stmt"/>
        <line num="319" count="8" type="stmt"/>
        <line num="320" count="16" type="stmt"/>
        <line num="325" count="8" type="cond" truecount="2" falsecount="2"/>
        <line num="326" count="0" type="stmt"/>
        <line num="332" count="8" type="stmt"/>
        <line num="341" count="8" type="stmt"/>
        <line num="349" count="4" type="stmt"/>
        <line num="350" count="4" type="stmt"/>
        <line num="351" count="1" type="stmt"/>
        <line num="354" count="4" type="stmt"/>
        <line num="355" count="5" type="stmt"/>
        <line num="356" count="5" type="cond" truecount="2" falsecount="0"/>
        <line num="357" count="1" type="stmt"/>
        <line num="358" count="1" type="stmt"/>
        <line num="361" count="4" type="stmt"/>
        <line num="362" count="4" type="stmt"/>
        <line num="369" count="4" type="stmt"/>
        <line num="370" count="3" type="stmt"/>
        <line num="377" count="4" type="stmt"/>
        <line num="378" count="4" type="stmt"/>
        <line num="380" count="0" type="stmt"/>
        <line num="384" count="4" type="stmt"/>
      </file>
      <file name="currencies.ts" path="/home/bernat/Documents/Code/honeybear/HoneyBear-Folio/app/src/utils/currencies.ts">
        <metrics statements="1" coveredstatements="1" conditionals="0" coveredconditionals="0" methods="0" coveredmethods="0"/>
        <line num="8" count="8" type="stmt"/>
      </file>
      <file name="fire.ts" path="/home/bernat/Documents/Code/honeybear/HoneyBear-Folio/app/src/utils/fire.ts">
        <metrics statements="2" coveredstatements="2" conditionals="0" coveredconditionals="0" methods="2" coveredmethods="2"/>
        <line num="6" count="1" type="stmt"/>
        <line num="12" count="1" type="stmt"/>
      </file>
      <file name="format.ts" path="/home/bernat/Documents/Code/honeybear/HoneyBear-Folio/app/src/utils/format.ts">
        <metrics statements="108" coveredstatements="66" conditionals="109" coveredconditionals="64" methods="15" coveredmethods="12"/>
        <line num="14" count="122" type="cond" truecount="5" falsecount="0"/>
        <line num="15" count="4" type="stmt"/>
        <line num="17" count="118" type="stmt"/>
        <line num="23" count="118" type="stmt"/>
        <line num="26" count="118" type="cond" truecount="4" falsecount="0"/>
        <line num="27" count="5928" type="stmt"/>
        <line num="28" count="46" type="cond" truecount="1" falsecount="1"/>
        <line num="30" count="46" type="stmt"/>
        <line num="31" count="46" type="stmt"/>
        <line num="35" count="46" type="stmt"/>
        <line num="36" count="46" type="stmt"/>
        <line num="39" count="46" type="stmt"/>
        <line num="40" count="46" type="stmt"/>
        <line num="45" count="0" type="stmt"/>
        <line num="48" count="46" type="stmt"/>
        <line num="49" count="46" type="stmt"/>
        <line num="50" count="46" type="cond" truecount="2" falsecount="0"/>
        <line num="52" count="46" type="cond" truecount="2" falsecount="0"/>
        <line num="54" count="44" type="stmt"/>
        <line num="57" count="2" type="stmt"/>
        <line num="64" count="72" type="stmt"/>
        <line num="65" count="72" type="stmt"/>
        <line num="70" count="122" type="stmt"/>
        <line num="72" count="0" type="stmt"/>
        <line num="73" count="0" type="stmt"/>
        <line num="74" count="0" type="stmt"/>
        <line num="77" count="0" type="stmt"/>
        <line num="86" count="297" type="stmt"/>
        <line num="87" count="297" type="stmt"/>
        <line num="89" count="297" type="cond" truecount="1" falsecount="0"/>
        <line num="90" count="109" type="stmt"/>
        <line num="91" count="109" type="cond" truecount="4" falsecount="0"/>
        <line num="92" count="40" type="cond" truecount="1" falsecount="1"/>
        <line num="95" count="109" type="cond" truecount="2" falsecount="2"/>
        <line num="96" count="0" type="cond" truecount="0" falsecount="2"/>
        <line num="99" count="0" type="cond" truecount="0" falsecount="3"/>
        <line num="106" count="0" type="cond" truecount="0" falsecount="3"/>
        <line num="107" count="0" type="stmt"/>
        <line num="108" count="0" type="cond" truecount="0" falsecount="2"/>
        <line num="111" count="0" type="stmt"/>
        <line num="112" count="0" type="stmt"/>
        <line num="116" count="0" type="stmt"/>
        <line num="117" count="0" type="stmt"/>
        <line num="120" count="0" type="stmt"/>
        <line num="126" count="0" type="stmt"/>
        <line num="127" count="0" type="stmt"/>
        <line num="128" count="0" type="stmt"/>
        <line num="130" count="0" type="cond" truecount="0" falsecount="2"/>
        <line num="131" count="0" type="stmt"/>
        <line num="133" count="0" type="stmt"/>
        <line num="138" count="0" type="stmt"/>
        <line num="139" count="0" type="stmt"/>
        <line num="140" count="0" type="stmt"/>
        <line num="141" count="0" type="stmt"/>
        <line num="144" count="109" type="stmt"/>
        <line num="153" count="17" type="cond" truecount="4" falsecount="0"/>
        <line num="154" count="16" type="cond" truecount="2" falsecount="0"/>
        <line num="156" count="14" type="stmt"/>
        <line num="157" count="14" type="cond" truecount="2" falsecount="0"/>
        <line num="160" count="13" type="stmt"/>
        <line num="162" count="13" type="stmt"/>
        <line num="163" count="13" type="cond" truecount="2" falsecount="0"/>
        <line num="166" count="26" type="cond" truecount="1" falsecount="1"/>
        <line num="167" count="52" type="cond" truecount="1" falsecount="1"/>
        <line num="170" count="17" type="cond" truecount="2" falsecount="0"/>
        <line num="171" count="13" type="stmt"/>
        <line num="172" count="13" type="stmt"/>
        <line num="176" count="13" type="cond" truecount="4" falsecount="0"/>
        <line num="177" count="3" type="stmt"/>
        <line num="178" count="3" type="stmt"/>
        <line num="182" count="0" type="stmt"/>
        <line num="186" count="13" type="stmt"/>
        <line num="188" count="13" type="stmt"/>
        <line num="189" count="13" type="cond" truecount="2" falsecount="0"/>
        <line num="193" count="252" type="stmt"/>
        <line num="194" count="252" type="stmt"/>
        <line num="199" count="6" type="stmt"/>
        <line num="212" count="24" type="stmt"/>
        <line num="220" count="18" type="cond" truecount="1" falsecount="1"/>
        <line num="221" count="18" type="cond" truecount="1" falsecount="1"/>
        <line num="222" count="18" type="cond" truecount="1" falsecount="1"/>
        <line num="224" count="18" type="cond" truecount="9" falsecount="1"/>
        <line num="226" count="2" type="stmt"/>
        <line num="230" count="2" type="stmt"/>
        <line num="234" count="2" type="stmt"/>
        <line num="236" count="2" type="stmt"/>
        <line num="238" count="2" type="stmt"/>
        <line num="240" count="2" type="stmt"/>
        <line num="243" count="2" type="cond" truecount="2" falsecount="0"/>
        <line num="250" count="2" type="cond" truecount="2" falsecount="0"/>
        <line num="257" count="2" type="cond" truecount="2" falsecount="0"/>
        <line num="263" count="0" type="stmt"/>
        <line num="268" count="16" type="cond" truecount="1" falsecount="1"/>
        <line num="274" count="0" type="stmt"/>
        <line num="275" count="0" type="stmt"/>
        <line num="276" count="0" type="stmt"/>
        <line num="280" count="0" type="cond" truecount="0" falsecount="4"/>
        <line num="281" count="0" type="cond" truecount="0" falsecount="2"/>
        <line num="282" count="0" type="stmt"/>
        <line num="283" count="0" type="cond" truecount="0" falsecount="2"/>
        <line num="286" count="0" type="stmt"/>
        <line num="290" count="0" type="cond" truecount="0" falsecount="4"/>
        <line num="291" count="0" type="stmt"/>
        <line num="292" count="0" type="cond" truecount="0" falsecount="4"/>
        <line num="293" count="0" type="stmt"/>
        <line num="297" count="0" type="stmt"/>
        <line num="298" count="0" type="stmt"/>
        <line num="299" count="0" type="cond" truecount="0" falsecount="2"/>
      </file>
      <file name="investments.ts" path="/home/bernat/Documents/Code/honeybear/HoneyBear-Folio/app/src/utils/investments.ts">
        <metrics statements="52" coveredstatements="35" conditionals="45" coveredconditionals="25" methods="14" coveredmethods="11"/>
        <line num="38" count="8" type="stmt"/>
        <line num="39" count="8" type="stmt"/>
        <line num="42" count="8" type="stmt"/>
        <line num="43" count="3" type="stmt"/>
        <line num="46" count="8" type="stmt"/>
        <line num="47" count="9" type="cond" truecount="4" falsecount="0"/>
        <line num="48" count="4" type="cond" truecount="2" falsecount="0"/>
        <line num="50" count="4" type="cond" truecount="2" falsecount="0"/>
        <line num="51" count="2" type="stmt"/>
        <line num="58" count="4" type="cond" truecount="2" falsecount="0"/>
        <line num="60" count="3" type="stmt"/>
        <line num="61" count="3" type="stmt"/>
        <line num="65" count="1" type="stmt"/>
        <line num="66" count="1" type="stmt"/>
        <line num="67" count="1" type="cond" truecount="1" falsecount="1"/>
        <line num="68" count="1" type="stmt"/>
        <line num="70" count="1" type="stmt"/>
        <line num="71" count="1" type="stmt"/>
        <line num="76" count="8" type="stmt"/>
        <line num="77" count="2" type="stmt"/>
        <line num="79" count="8" type="stmt"/>
        <line num="86" count="1" type="stmt"/>
        <line num="87" count="2" type="stmt"/>
        <line num="88" count="2" type="stmt"/>
        <line num="90" count="2" type="cond" truecount="2" falsecount="0"/>
        <line num="91" count="2" type="stmt"/>
        <line num="93" count="2" type="cond" truecount="1" falsecount="1"/>
        <line num="94" count="2" type="stmt"/>
        <line num="104" count="1" type="stmt"/>
        <line num="105" count="1" type="stmt"/>
        <line num="112" count="1" type="stmt"/>
        <line num="113" count="2" type="cond" truecount="2" falsecount="0"/>
        <line num="116" count="1" type="stmt"/>
        <line num="117" count="2" type="cond" truecount="1" falsecount="1"/>
        <line num="120" count="1" type="stmt"/>
        <line num="127" count="0" type="stmt"/>
        <line num="128" count="0" type="stmt"/>
        <line num="129" count="0" type="cond" truecount="0" falsecount="4"/>
        <line num="130" count="0" type="cond" truecount="0" falsecount="2"/>
        <line num="131" count="0" type="cond" truecount="0" falsecount="2"/>
        <line num="132" count="0" type="stmt"/>
        <line num="133" count="0" type="stmt"/>
        <line num="137" count="0" type="stmt"/>
        <line num="138" count="0" type="stmt"/>
        <line num="140" count="0" type="stmt"/>
        <line num="141" count="0" type="stmt"/>
        <line num="142" count="0" type="stmt"/>
        <line num="143" count="0" type="stmt"/>
        <line num="144" count="0" type="cond" truecount="0" falsecount="2"/>
        <line num="145" count="0" type="stmt"/>
        <line num="149" count="0" type="stmt"/>
        <line num="152" count="0" type="stmt"/>
      </file>
      <file name="market-values.ts" path="/home/bernat/Documents/Code/honeybear/HoneyBear-Folio/app/src/utils/market-values.ts">
        <metrics statements="57" coveredstatements="57" conditionals="41" coveredconditionals="34" methods="11" coveredmethods="11"/>
        <line num="33" count="7" type="stmt"/>
        <line num="34" count="7" type="stmt"/>
        <line num="36" count="7" type="stmt"/>
        <line num="37" count="7" type="cond" truecount="4" falsecount="0"/>
        <line num="38" count="6" type="cond" truecount="2" falsecount="0"/>
        <line num="39" count="6" type="cond" truecount="1" falsecount="1"/>
        <line num="40" count="6" type="stmt"/>
        <line num="41" count="6" type="stmt"/>
        <line num="42" count="6" type="stmt"/>
        <line num="46" count="7" type="stmt"/>
        <line num="50" count="5" type="stmt"/>
        <line num="51" count="5" type="stmt"/>
        <line num="52" count="6" type="stmt"/>
        <line num="54" count="5" type="stmt"/>
        <line num="70" count="5" type="stmt"/>
        <line num="71" count="5" type="stmt"/>
        <line num="73" count="5" type="stmt"/>
        <line num="74" count="5" type="cond" truecount="2" falsecount="0"/>
        <line num="75" count="5" type="stmt"/>
        <line num="76" count="6" type="stmt"/>
        <line num="77" count="7" type="stmt"/>
        <line num="79" count="6" type="cond" truecount="1" falsecount="1"/>
        <line num="80" count="6" type="cond" truecount="5" falsecount="0"/>
        <line num="81" count="1" type="stmt"/>
        <line num="86" count="5" type="cond" truecount="2" falsecount="0"/>
        <line num="88" count="1" type="stmt"/>
        <line num="91" count="1" type="stmt"/>
        <line num="92" count="1" type="stmt"/>
        <line num="93" count="1" type="stmt"/>
        <line num="95" count="1" type="stmt"/>
        <line num="113" count="5" type="stmt"/>
        <line num="115" count="5" type="stmt"/>
        <line num="116" count="5" type="stmt"/>
        <line num="117" count="5" type="cond" truecount="2" falsecount="0"/>
        <line num="119" count="5" type="stmt"/>
        <line num="120" count="6" type="cond" truecount="2" falsecount="0"/>
        <line num="121" count="5" type="stmt"/>
        <line num="122" count="6" type="stmt"/>
        <line num="124" count="5" type="cond" truecount="1" falsecount="1"/>
        <line num="125" count="5" type="cond" truecount="1" falsecount="1"/>
        <line num="127" count="5" type="cond" truecount="1" falsecount="1"/>
        <line num="128" count="5" type="cond" truecount="4" falsecount="0"/>
        <line num="129" count="1" type="stmt"/>
        <line num="130" count="1" type="cond" truecount="1" falsecount="1"/>
        <line num="132" count="5" type="stmt"/>
        <line num="136" count="5" type="stmt"/>
        <line num="139" count="5" type="stmt"/>
        <line num="146" count="7" type="stmt"/>
        <line num="147" count="7" type="stmt"/>
        <line num="148" count="7" type="cond" truecount="2" falsecount="0"/>
        <line num="150" count="5" type="stmt"/>
        <line num="151" count="5" type="stmt"/>
        <line num="152" count="4" type="cond" truecount="1" falsecount="1"/>
        <line num="155" count="5" type="stmt"/>
        <line num="158" count="5" type="stmt"/>
        <line num="159" count="5" type="stmt"/>
        <line num="166" count="5" type="stmt"/>
      </file>
      <file name="networth.ts" path="/home/bernat/Documents/Code/honeybear/HoneyBear-Folio/app/src/utils/networth.ts">
        <metrics statements="12" coveredstatements="12" conditionals="24" coveredconditionals="20" methods="3" coveredmethods="3"/>
        <line num="10" count="36" type="cond" truecount="5" falsecount="0"/>
        <line num="11" count="16" type="stmt"/>
        <line num="12" count="20" type="stmt"/>
        <line num="13" count="20" type="cond" truecount="2" falsecount="0"/>
        <line num="21" count="20" type="cond" truecount="1" falsecount="3"/>
        <line num="22" count="20" type="stmt"/>
        <line num="23" count="18" type="cond" truecount="1" falsecount="1"/>
        <line num="25" count="18" type="stmt"/>
        <line num="26" count="18" type="stmt"/>
        <line num="28" count="18" type="cond" truecount="2" falsecount="0"/>
        <line num="31" count="18" type="stmt"/>
        <line num="38" count="20" type="stmt"/>
      </file>
      <file name="report.ts" path="/home/bernat/Documents/Code/honeybear/HoneyBear-Folio/app/src/utils/report.ts">
        <metrics statements="1" coveredstatements="1" conditionals="0" coveredconditionals="0" methods="1" coveredmethods="1"/>
        <line num="24" count="3" type="stmt"/>
      </file>
      <file name="version.ts" path="/home/bernat/Documents/Code/honeybear/HoneyBear-Folio/app/src/utils/version.ts">
        <metrics statements="9" coveredstatements="9" conditionals="12" coveredconditionals="12" methods="1" coveredmethods="1"/>
        <line num="7" count="10" type="cond" truecount="2" falsecount="0"/>
        <line num="9" count="10" type="cond" truecount="2" falsecount="0"/>
        <line num="13" count="10" type="cond" truecount="2" falsecount="0"/>
        <line num="16" count="3" type="stmt"/>
        <line num="19" count="3" type="cond" truecount="4" falsecount="0"/>
        <line num="20" count="1" type="stmt"/>
        <line num="24" count="2" type="cond" truecount="2" falsecount="0"/>
        <line num="25" count="1" type="stmt"/>
        <line num="29" count="1" type="stmt"/>
      </file>
    </package>
  </project>
</coverage>
